{
  "RSpec": {
    "coverage": {
      "/home/elemental/Documents/Just_For_The_Halibut/spec/features/add_comment_pages_spec.rb": [
        1,
        null,
        1,
        1,
        1,
        1,
        1,
        1,
        1,
        1,
        1,
        1,
        null,
        null
      ],
      "/home/elemental/Documents/Just_For_The_Halibut/spec/rails_helper.rb": [
        null,
        1,
        1,
        null,
        1,
        1,
        1,
        null,
        null,
        null,
        null,
        null,
        null,
        null,
        null,
        null,
        null,
        null,
        null,
        null,
        null,
        null,
        null,
        null,
        null,
        null,
        1,
        null,
        1,
        null,
        null,
        1,
        null,
        null,
        null,
        null,
        1,
        null,
        null,
        null,
        null,
        null,
        null,
        null,
        null,
        null,
        null,
        null,
        null,
        null,
        null,
        1,
        null,
        null,
        1,
        null,
        null,
        null,
        null,
        1,
        1,
        1,
        1,
        null,
        null
      ],
      "/home/elemental/Documents/Just_For_The_Halibut/config/environment.rb": [
        null,
        1,
        null,
        null,
        1
      ],
      "/home/elemental/Documents/Just_For_The_Halibut/config/application.rb": [
        1,
        null,
        1,
        null,
        1,
        1,
        1,
        1,
        1,
        1,
        1,
        1,
        null,
        null,
        null,
        null,
        1,
        null,
        1,
        1,
        null,
        null,
        null,
        null,
        null
      ],
      "/home/elemental/Documents/Just_For_The_Halibut/config/boot.rb": [
        1,
        null,
        1
      ],
      "/home/elemental/Documents/Just_For_The_Halibut/config/environments/test.rb": [
        1,
        null,
        null,
        null,
        null,
        null,
        null,
        1,
        null,
        null,
        null,
        null,
        1,
        null,
        null,
        1,
        1,
        null,
        null,
        null,
        null,
        1,
        1,
        null,
        null,
        1,
        null,
        null,
        1,
        1,
        null,
        null,
        null,
        null,
        1,
        null,
        null,
        1,
        null,
        null,
        null,
        1,
        null
      ],
      "/home/elemental/Documents/Just_For_The_Halibut/config/initializers/application_controller_renderer.rb": [
        null,
        null,
        null,
        null,
        null,
        null
      ],
      "/home/elemental/Documents/Just_For_The_Halibut/config/initializers/assets.rb": [
        null,
        null,
        null,
        1,
        null,
        null,
        null,
        null,
        null,
        null,
        null
      ],
      "/home/elemental/Documents/Just_For_The_Halibut/config/initializers/backtrace_silencers.rb": [
        null,
        null,
        null,
        null,
        null,
        null,
        null
      ],
      "/home/elemental/Documents/Just_For_The_Halibut/config/initializers/cookies_serializer.rb": [
        null,
        null,
        null,
        null,
        1
      ],
      "/home/elemental/Documents/Just_For_The_Halibut/config/initializers/filter_parameter_logging.rb": [
        null,
        null,
        null,
        1
      ],
      "/home/elemental/Documents/Just_For_The_Halibut/config/initializers/inflections.rb": [
        null,
        null,
        null,
        null,
        null,
        null,
        null,
        null,
        null,
        null,
        null,
        null,
        null,
        null,
        null,
        null
      ],
      "/home/elemental/Documents/Just_For_The_Halibut/config/initializers/mime_types.rb": [
        null,
        null,
        null,
        null
      ],
      "/home/elemental/Documents/Just_For_The_Halibut/config/initializers/new_framework_defaults.rb": [
        null,
        null,
        null,
        null,
        null,
        null,
        null,
        1,
        null,
        null,
        1,
        null,
        null,
        null,
        1,
        null,
        null,
        1,
        null,
        null,
        1,
        null,
        null,
        1
      ],
      "/home/elemental/Documents/Just_For_The_Halibut/config/initializers/session_store.rb": [
        null,
        null,
        1
      ],
      "/home/elemental/Documents/Just_For_The_Halibut/config/initializers/wrap_parameters.rb": [
        null,
        null,
        null,
        null,
        null,
        null,
        1,
        2,
        null,
        null,
        null,
        null,
        null,
        null
      ],
      "/home/elemental/Documents/Just_For_The_Halibut/app/channels/application_cable/channel.rb": [
        1,
        1,
        null,
        null
      ],
      "/home/elemental/Documents/Just_For_The_Halibut/app/channels/application_cable/connection.rb": [
        1,
        1,
        null,
        null
      ],
      "/home/elemental/Documents/Just_For_The_Halibut/app/controllers/application_controller.rb": [
        1,
        1,
        null,
        1,
        null,
        0,
        null,
        1,
        null,
        1,
        16,
        16,
        null,
        1,
        null,
        null
      ],
      "/home/elemental/Documents/Just_For_The_Halibut/app/helpers/application_helper.rb": [
        1,
        null
      ],
      "/home/elemental/Documents/Just_For_The_Halibut/app/controllers/comments_controller.rb": [
        1,
        null,
        1,
        2,
        2,
        null,
        null,
        1,
        2,
        2,
        2,
        2,
        2,
        null,
        0,
        0,
        null,
        null,
        null,
        1,
        1,
        1,
        null,
        null,
        1,
        1,
        1,
        1,
        1,
        1,
        null,
        0,
        null,
        null,
        null,
        1,
        0,
        0,
        0,
        0,
        0,
        null,
        null,
        null,
        1,
        1,
        3,
        null
      ],
      "/home/elemental/Documents/Just_For_The_Halibut/app/controllers/products_controller.rb": [
        1,
        1,
        7,
        null,
        null,
        null,
        null,
        1,
        6,
        null,
        null,
        null,
        1,
        2,
        null,
        null,
        1,
        2,
        2,
        2,
        2,
        null,
        0,
        null,
        null,
        2,
        1,
        null,
        null,
        2,
        1,
        1,
        1,
        1,
        null,
        0,
        null,
        null,
        null,
        2,
        null,
        null,
        2,
        0,
        0,
        0,
        0,
        null,
        null,
        null,
        1,
        1,
        3,
        null,
        null
      ],
      "/home/elemental/Documents/Just_For_The_Halibut/app/controllers/sessions_controller.rb": [
        1,
        null,
        1,
        3,
        null,
        null,
        1,
        3,
        3,
        3,
        3,
        3,
        null,
        0,
        0,
        null,
        null,
        null,
        1,
        0,
        0,
        0,
        null,
        null,
        1,
        1,
        0,
        null,
        null,
        null
      ],
      "/home/elemental/Documents/Just_For_The_Halibut/app/controllers/users_controller.rb": [
        1,
        null,
        1,
        null,
        null,
        1,
        0,
        0,
        0,
        0,
        null,
        0,
        0,
        null,
        null,
        null,
        1,
        1,
        0,
        null,
        null,
        null
      ],
      "/home/elemental/Documents/Just_For_The_Halibut/app/jobs/application_job.rb": [
        1,
        null
      ],
      "/home/elemental/Documents/Just_For_The_Halibut/app/mailers/application_mailer.rb": [
        1,
        1,
        1,
        null
      ],
      "/home/elemental/Documents/Just_For_The_Halibut/app/models/application_record.rb": [
        1,
        1,
        null
      ],
      "/home/elemental/Documents/Just_For_The_Halibut/app/models/comment.rb": [
        1,
        1,
        1,
        null,
        1,
        null
      ],
      "/home/elemental/Documents/Just_For_The_Halibut/app/models/product.rb": [
        1,
        1,
        1,
        1,
        null,
        1,
        null
      ],
      "/home/elemental/Documents/Just_For_The_Halibut/app/models/user.rb": [
        1,
        1,
        1,
        1,
        1,
        null,
        1,
        4,
        4,
        null,
        null,
        1,
        3,
        3,
        3,
        null,
        null,
        null,
        null,
        null,
        null
      ],
      "/home/elemental/Documents/Just_For_The_Halibut/spec/factories.rb": [
        1,
        1,
        1,
        1,
        1,
        null,
        null,
        1,
        1,
        1,
        null,
        null
      ],
      "/home/elemental/Documents/Just_For_The_Halibut/config/routes.rb": [
        1,
        1,
        null,
        1,
        1,
        1,
        null,
        1,
        1,
        1,
        null,
        null,
        null
      ],
      "/home/elemental/Documents/Just_For_The_Halibut/spec/features/add_poduct_pages_spec.rb": [
        1,
        null,
        1,
        0,
        0,
        0,
        0,
        0,
        null,
        null,
        1,
        1,
        1,
        1,
        1,
        1,
        1,
        1,
        1,
        1,
        null,
        null
      ],
      "/home/elemental/Documents/Just_For_The_Halibut/spec/features/edit_comment_pages_spec.rb": [
        1,
        null,
        1,
        0,
        0,
        0,
        0,
        0,
        null,
        null,
        1,
        1,
        1,
        1,
        1,
        1,
        1,
        1,
        1,
        1,
        1,
        1,
        1,
        1,
        null,
        null
      ],
      "/home/elemental/Documents/Just_For_The_Halibut/spec/features/edit_product_pages_spec.rb": [
        1,
        null,
        1,
        3,
        3,
        3,
        3,
        3,
        null,
        null,
        1,
        1,
        1,
        1,
        1,
        1,
        1,
        1,
        1,
        1,
        1,
        1,
        1,
        1,
        null,
        null,
        null,
        null,
        null,
        null
      ],
      "/home/elemental/Documents/Just_For_The_Halibut/spec/models/comment_spec.rb": [
        1,
        null,
        1,
        2,
        null,
        null,
        1,
        2,
        null
      ],
      "/home/elemental/Documents/Just_For_The_Halibut/spec/models/product_spec.rb": [
        1,
        null,
        1,
        2,
        null,
        null,
        1,
        2,
        null,
        null,
        1,
        2,
        null,
        null,
        1,
        1,
        1,
        1,
        null,
        null
      ],
      "/home/elemental/Documents/Just_For_The_Halibut/spec/models/user_spec.rb": [
        1,
        null,
        1,
        2,
        null
      ]
    },
    "timestamp": 1487456108
  }
}
